private renderSectionCards(
  title: string,
  cards: Array<{
    key: string;
    title: string;
    description: string;
    iconSvg: string;
  }>
): void {
  var html = `
    <div class="bbs-card">
      <h3 class="bbs-section-title">${title}</h3>
      <div class="bbs-feature-card-grid">
  `;

  cards.forEach(function (card) {
    html += `
      <div class="bbs-feature-card" data-key="${card.key}">
        <div class="bbs-feature-card-icon">
          ${card.iconSvg}
        </div>
        <div class="bbs-feature-card-title">${card.title}</div>
        <div class="bbs-feature-card-desc">${card.description}</div>
      </div>
    `;
  });

  html += `
      </div>
    </div>
  `;

  $("#bbsContentArea").html(html);
}

private bindSectionCards(parentView: string): void {
  $("#bbsContentArea").off("click", ".bbs-feature-card");

  $("#bbsContentArea").on("click", ".bbs-feature-card", (e) => {
    var key = $(e.currentTarget).attr("data-key");

    if (!key) {
      return;
    }

    this.loadChildCardContent(parentView, key);
  });
}

private loadChildCardContent(parentView: string, key: string): void {

  if (parentView === "learning") {

    if (key === "learning-journey") {
      $("#bbsPageTitle").text("Learning Journey");
      $("#bbsContentArea").html(`
        <div class="bbs-card">
          <h3 class="bbs-section-title">Learning Journey</h3>
          <p>Learning Journey content will appear here.</p>
        </div>
      `);
      return;
    }

    if (key === "latest-training-opportunities") {
      $("#bbsPageTitle").text("Latest Training Opportunities");
      $("#bbsContentArea").html(`
        <div class="bbs-card">
          <h3 class="bbs-section-title">Latest Training Opportunities</h3>
          <p>Latest training opportunities content will appear here.</p>
        </div>
      `);
      return;
    }

    if (key === "assignments") {
      $("#bbsPageTitle").text("Assignments");
      $("#bbsContentArea").html(`
        <div class="bbs-card">
          <h3 class="bbs-section-title">Assignments</h3>
          <p>Assignments content will appear here.</p>
        </div>
      `);
      return;
    }

    if (key === "certificates") {
      $("#bbsPageTitle").text("Certificates");
      $("#bbsContentArea").html(`
        <div class="bbs-card">
          <h3 class="bbs-section-title">Certificates</h3>
          <p>Certificates content will appear here.</p>
        </div>
      `);
      return;
    }
  }

  if (parentView === "dashboard") {

    if (key === "analytics") {
      $("#bbsPageTitle").text("Analytics");
      $("#bbsContentArea").html(`
        <div class="bbs-card">
          <h3 class="bbs-section-title">Analytics</h3>
          <p>Analytics content will appear here.</p>
        </div>
      `);
      return;
    }

    if (key === "reports") {
      $("#bbsPageTitle").text("Reports");
      $("#bbsContentArea").html(`
        <div class="bbs-card">
          <h3 class="bbs-section-title">Reports</h3>
          <p>Reports content will appear here.</p>
        </div>
      `);
      return;
    }
  }
}

case "learning":
  $("#bbsPageTitle").text("My Learning");

  this.renderSectionCards("My Learning", [
    {
      key: "learning-journey",
      title: "Learning Journey",
      description: "Track your learning progress and development path.",
      iconSvg: `
        <svg viewBox="0 0 24 24" width="28" height="28">
          <path d="M4 4h16v16H4z" fill="none" stroke="#c00000" stroke-width="2"/>
        </svg>
      `
    },
    {
      key: "latest-training-opportunities",
      title: "Latest Training Opportunities",
      description: "Browse the latest available learning programs.",
      iconSvg: `
        <svg viewBox="0 0 24 24" width="28" height="28">
          <circle cx="12" cy="12" r="9" fill="none" stroke="#c00000" stroke-width="2"/>
        </svg>
      `
    },
    {
      key: "assignments",
      title: "Assignments",
      description: "Review pending and completed assignments.",
      iconSvg: `
        <svg viewBox="0 0 24 24" width="28" height="28">
          <path d="M6 4h12v16H6z" fill="none" stroke="#c00000" stroke-width="2"/>
        </svg>
      `
    },
    {
      key: "certificates",
      title: "Certificates",
      description: "Access issued course certificates.",
      iconSvg: `
        <svg viewBox="0 0 24 24" width="28" height="28">
          <polygon points="12,2 22,8 12,14 2,8" fill="none" stroke="#c00000" stroke-width="2"/>
        </svg>
      `
    }
  ]);

  this.bindSectionCards("learning");
  break;

.bbs-feature-card-grid {
  display: grid;
  grid-template-columns: repeat(auto-fit, minmax(220px, 1fr));
  gap: 24px;
  margin-top: 10px;
}

.bbs-feature-card {
  background: #ffffff;
  border: 1px solid #dcdcdc;
  padding: 24px;
  cursor: pointer;
  transition: transform 0.18s ease, box-shadow 0.18s ease, border-color 0.18s ease;
}

.bbs-feature-card:hover {
  transform: translateY(-3px);
  border-color: #c00000;
  box-shadow: 0 6px 16px rgba(0, 0, 0, 0.08);
}

.bbs-feature-card-icon {
  margin-bottom: 16px;
  display: flex;
  align-items: center;
}

.bbs-feature-card-title {
  font-size: 16px;
  font-weight: 600;
  color: #222;
  margin-bottom: 8px;
}

.bbs-feature-card-desc {
  font-size: 13px;
  line-height: 1.5;
  color: #666;
}

$("#bbsContentArea").html(`
  <div class="bbs-card">
    <div class="bbs-back-link" id="bbsBackToLearning">← Back to My Learning</div>
    <h3 class="bbs-section-title">Learning Journey</h3>
    <p>Learning Journey content will appear here.</p>
  </div>
`);

$("#bbsBackToLearning").on("click", () => {
  this.renderSectionCards("My Learning", [...]);
  this.bindSectionCards("learning");
});